<?xml version="1.0" encoding="UTF-8"?>
<testsuites name="jest tests" tests="9" failures="0" time="5.727">
  <testsuite name="classes" errors="0" failures="0" skipped="0" timestamp="2019-07-18T14:45:13" time="3.538" tests="5">
    <testcase classname="classes 接受 1 个 className" name="classes 接受 1 个 className" time="0.003">
    </testcase>
    <testcase classname="classes 接受 2 个 className" name="classes 接受 2 个 className" time="0">
    </testcase>
    <testcase classname="classes 接受 undefined 结果不会出现 undefined" name="classes 接受 undefined 结果不会出现 undefined" time="0">
    </testcase>
    <testcase classname="classes 接受各种奇怪值" name="classes 接受各种奇怪值" time="0.005">
    </testcase>
    <testcase classname="classes 接受 0 个参数" name="classes 接受 0 个参数" time="0.001">
    </testcase>
  </testsuite>
  <testsuite name="icon" errors="0" failures="0" skipped="0" timestamp="2019-07-18T14:45:16" time="0.533" tests="2">
    <testcase classname="icon render successfully" name="icon render successfully" time="0.014">
    </testcase>
    <testcase classname="icon onClick" name="icon onClick" time="0.038">
    </testcase>
  </testsuite>
  <testsuite name="button" errors="0" failures="0" skipped="0" timestamp="2019-07-18T14:45:17" time="0.227" tests="1">
    <testcase classname="button 是个 div" name="button 是个 div" time="0.003">
    </testcase>
  </testsuite>
  <testsuite name="我的第一个测试用例" errors="0" failures="0" skipped="0" timestamp="2019-07-18T14:45:17" time="0.151" tests="1">
    <testcase classname="我的第一个测试用例 1 等于 1" name="我的第一个测试用例 1 等于 1" time="0.001">
    </testcase>
  </testsuite>
</testsuites>